# JRE version: OpenJDK Runtime Environment (11.0.13) (build 11.0.13+0-b1751.21-8125866)
# Java VM: OpenJDK 64-Bit Server VM (11.0.13+0-b1751.21-8125866, mixed mode, tiered, compressed oops, g1 gc, windows-amd64)
Heap:
 garbage-first heap   total 451584K, used 267176K [0x0000000080000000, 0x0000000100000000)
  region size 1024K, 2 young (2048K), 2 survivors (2048K)
 Metaspace       used 147320K, capacity 150694K, committed 150960K, reserved 1181696K
  class space    used 18376K, capacity 19670K, committed 19712K, reserved 1048576K
GC Heap History (20 events):
Event: 4867.877 GC heap after
{Heap after GC invocations=147 (full 0):
 garbage-first heap   total 318464K, used 190339K [0x0000000080000000, 0x0000000100000000)
  region size 1024K, 3 young (3072K), 3 survivors (3072K)
 Metaspace       used 140324K, capacity 143281K, committed 143536K, reserved 1175552K
  class space    used 17268K, capacity 18378K, committed 18432K, reserved 1048576K
}
Event: 4872.707 GC heap before
{Heap before GC invocations=148 (full 0):
 garbage-first heap   total 318464K, used 277379K [0x0000000080000000, 0x0000000100000000)
  region size 1024K, 53 young (54272K), 3 survivors (3072K)
 Metaspace       used 145200K, capacity 148385K, committed 148528K, reserved 1179648K
  class space    used 18035K, capacity 19227K, committed 19328K, reserved 1048576K
}
Event: 4872.745 GC heap after
{Heap after GC invocations=149 (full 0):
 garbage-first heap   total 318464K, used 220698K [0x0000000080000000, 0x0000000100000000)
  region size 1024K, 7 young (7168K), 7 survivors (7168K)
 Metaspace       used 145200K, capacity 148385K, committed 148528K, reserved 1179648K
  class space    used 18035K, capacity 19227K, committed 19328K, reserved 1048576K
}
Event: 4872.811 GC heap before
{Heap before GC invocations=149 (full 0):
 garbage-first heap   total 318464K, used 227866K [0x0000000080000000, 0x0000000100000000)
  region size 1024K, 15 young (15360K), 7 survivors (7168K)
 Metaspace       used 145201K, capacity 148385K, committed 148528K, reserved 1179648K
  class space    used 18035K, capacity 19227K, committed 19328K, reserved 1048576K
}
Event: 4872.873 GC heap after
{Heap after GC invocations=150 (full 0):
 garbage-first heap   total 318464K, used 217727K [0x0000000080000000, 0x0000000100000000)
  region size 1024K, 2 young (2048K), 2 survivors (2048K)
 Metaspace       used 145201K, capacity 148385K, committed 148528K, reserved 1179648K
  class space    used 18035K, capacity 19227K, committed 19328K, reserved 1048576K
}
Event: 4873.014 GC heap before
{Heap before GC invocations=150 (full 0):
 garbage-first heap   total 318464K, used 228991K [0x0000000080000000, 0x0000000100000000)
  region size 1024K, 14 young (14336K), 2 survivors (2048K)
 Metaspace       used 145201K, capacity 148385K, committed 148528K, reserved 1179648K
  class space    used 18035K, capacity 19227K, committed 19328K, reserved 1048576K
}
Event: 4873.052 GC heap after
{Heap after GC invocations=151 (full 0):
 garbage-first heap   total 318464K, used 222720K [0x0000000080000000, 0x0000000100000000)
  region size 1024K, 5 young (5120K), 5 survivors (5120K)
 Metaspace       used 145201K, capacity 148385K, committed 148528K, reserved 1179648K
  class space    used 18035K, capacity 19227K, committed 19328K, reserved 1048576K
}
Event: 4875.028 GC heap before
{Heap before GC invocations=152 (full 0):
 garbage-first heap   total 318464K, used 252416K [0x0000000080000000, 0x0000000100000000)
  region size 1024K, 33 young (33792K), 5 survivors (5120K)
 Metaspace       used 146461K, capacity 149710K, committed 149808K, reserved 1179648K
  class space    used 18289K, capacity 19516K, committed 19584K, reserved 1048576K
}
Event: 4875.113 GC heap after
{Heap after GC invocations=153 (full 0):
 garbage-first heap   total 318464K, used 235820K [0x0000000080000000, 0x0000000100000000)
  region size 1024K, 5 young (5120K), 5 survivors (5120K)
 Metaspace       used 146461K, capacity 149710K, committed 149808K, reserved 1179648K
  class space    used 18289K, capacity 19516K, committed 19584K, reserved 1048576K
}
Event: 4875.604 GC heap before
{Heap before GC invocations=153 (full 0):
 garbage-first heap   total 318464K, used 246060K [0x0000000080000000, 0x0000000100000000)
  region size 1024K, 15 young (15360K), 5 survivors (5120K)
 Metaspace       used 146476K, capacity 149712K, committed 149808K, reserved 1179648K
  class space    used 18289K, capacity 19516K, committed 19584K, reserved 1048576K
}
Event: 4875.661 GC heap after
{Heap after GC invocations=154 (full 0):
 garbage-first heap   total 318464K, used 240640K [0x0000000080000000, 0x0000000100000000)
  region size 1024K, 2 young (2048K), 2 survivors (2048K)
 Metaspace       used 146476K, capacity 149712K, committed 149808K, reserved 1179648K
  class space    used 18289K, capacity 19516K, committed 19584K, reserved 1048576K
}
Event: 4876.094 GC heap before
{Heap before GC invocations=154 (full 0):
 garbage-first heap   total 318464K, used 260096K [0x0000000080000000, 0x0000000100000000)
  region size 1024K, 22 young (22528K), 2 survivors (2048K)
 Metaspace       used 146510K, capacity 149717K, committed 149808K, reserved 1179648K
  class space    used 18289K, capacity 19517K, committed 19584K, reserved 1048576K
}
Event: 4876.159 GC heap after
{Heap after GC invocations=155 (full 0):
 garbage-first heap   total 382976K, used 251008K [0x0000000080000000, 0x0000000100000000)
  region size 1024K, 3 young (3072K), 3 survivors (3072K)
 Metaspace       used 146510K, capacity 149717K, committed 149808K, reserved 1179648K
  class space    used 18289K, capacity 19517K, committed 19584K, reserved 1048576K
}
Event: 4879.803 GC heap before
{Heap before GC invocations=156 (full 0):
 garbage-first heap   total 382976K, used 287872K [0x0000000080000000, 0x0000000100000000)
  region size 1024K, 39 young (39936K), 3 survivors (3072K)
 Metaspace       used 146505K, capacity 149704K, committed 149808K, reserved 1179648K
  class space    used 18286K, capacity 19511K, committed 19584K, reserved 1048576K
}
Event: 4879.873 GC heap after
{Heap after GC invocations=157 (full 0):
 garbage-first heap   total 382976K, used 269824K [0x0000000080000000, 0x0000000100000000)
  region size 1024K, 5 young (5120K), 5 survivors (5120K)
 Metaspace       used 146505K, capacity 149704K, committed 149808K, reserved 1179648K
  class space    used 18286K, capacity 19511K, committed 19584K, reserved 1048576K
}
Event: 4881.252 GC heap before
{Heap before GC invocations=157 (full 0):
 garbage-first heap   total 382976K, used 299520K [0x0000000080000000, 0x0000000100000000)
  region size 1024K, 35 young (35840K), 5 survivors (5120K)
 Metaspace       used 146794K, capacity 150057K, committed 150320K, reserved 1179648K
  class space    used 18310K, capacity 19556K, committed 19584K, reserved 1048576K
}
Event: 4881.304 GC heap after
{Heap after GC invocations=158 (full 0):
 garbage-first heap   total 382976K, used 278528K [0x0000000080000000, 0x0000000100000000)
  region size 1024K, 5 young (5120K), 5 survivors (5120K)
 Metaspace       used 146794K, capacity 150057K, committed 150320K, reserved 1179648K
  class space    used 18310K, capacity 19556K, committed 19584K, reserved 1048576K
}
Event: 4883.547 GC heap before
{Heap before GC invocations=159 (full 0):
 garbage-first heap   total 382976K, used 292864K [0x0000000080000000, 0x0000000100000000)
  region size 1024K, 34 young (34816K), 5 survivors (5120K)
 Metaspace       used 147195K, capacity 150529K, committed 150704K, reserved 1179648K
  class space    used 18372K, capacity 19665K, committed 19712K, reserved 1048576K
}
Event: 4883.605 GC heap after
{Heap after GC invocations=160 (full 0):
 garbage-first heap   total 382976K, used 268912K [0x0000000080000000, 0x0000000100000000)
  region size 1024K, 5 young (5120K), 5 survivors (5120K)
 Metaspace       used 147195K, capacity 150529K, committed 150704K, reserved 1179648K
  class space    used 18372K, capacity 19665K, committed 19712K, reserved 1048576K
}
Event: 4884.201 GC heap before
{Heap before GC invocations=160 (full 0):
 garbage-first heap   total 382976K, used 281200K [0x0000000080000000, 0x0000000100000000)
  region size 1024K, 18 young (18432K), 5 survivors (5120K)
 Metaspace       used 147320K, capacity 150694K, committed 150960K, reserved 1181696K
  class space    used 18376K, capacity 19670K, committed 19712K, reserved 1048576K
}

